
--------------------------------------------------
TXLib предупреждает:

Программа: C:\Users\ydtsv\OneDrive\Documents\c\Quadratka.exe,

ВНЕЗАПНО: Недопустимая операция с плавающей точкой.

#1: Исключение EXCEPTION_FLT_INVALID_OPERATION (0xC0000090) при выполнении кода по адресу 0x765E79D2 в модуле C:\Windows\System32\KERNELBASE.dll. Спасибо _txVectoredExceptionHandler(), что сообщил. Люблю его <3

#1: TXLib [Ver: 00173a, Rev: 173, Date: 2024-06-23 22:37:05 +0400], Instance: 0x005062FC (32-bit), Flags: Cmdre0, Thread: 0x3C04 (Main). 

--------------------------------------------------
Стек вызовов:



--------------------------------------------------
Developed with:

The Dumb Artist Library (TX Library)
TXLib [Ver: 00173a, Rev: 173, Date: 2024-06-23 22:37:05 +0400]
Copyright (C) Ded (Ilya Dedinsky, http://txlib.ru) <mail@txlib.ru>
See license on: http://txlib.ru

TXLib file:	c:\users\ydtsv\downloads\codeblocks\mingw\include\txlib.h
Compiled:	Aug 20 2024 16:48:31, GNU g++ 4.8.1, std=201103L, MinGW Runtime 3.20, 32-bit, DEBUG
Started:	Aug 20 2024 16:48:36

Run file:	C:\Users\ydtsv\OneDrive\Documents\c\Quadratka.exe
Directory:	C:\Users\ydtsv\OneDrive\Documents\c

--------------------------------------------------

--------------------------------------------------
TXLib соболезнует...

Программа: C:\Users\ydtsv\OneDrive\Documents\c\Quadratka.exe,

ВНЕЗАПНО: signal (8, 0x00): SIGFPE: Грубая ошибка в вычислениях. 

Недопустимая операция с плавающей точкой.

#1: Исключение EXCEPTION_FLT_INVALID_OPERATION (0xC0000090) при выполнении кода по адресу 0x765E79D2 в модуле C:\Windows\System32\KERNELBASE.dll. Спасибо _txVectoredExceptionHandler(), что сообщил. Люблю его <3

С помощью функции signal() вы можете сами обработать эту ошибку.

#2: TXLib [Ver: 00173a, Rev: 173, Date: 2024-06-23 22:37:05 +0400], Instance: 0x005062FC (32-bit), Flags: Cmdre0, Thread: 0x3C04 (Main). 

--------------------------------------------------
Стек вызовов:



--------------------------------------------------
Developed with:

The Dumb Artist Library (TX Library)
TXLib [Ver: 00173a, Rev: 173, Date: 2024-06-23 22:37:05 +0400]
Copyright (C) Ded (Ilya Dedinsky, http://txlib.ru) <mail@txlib.ru>
See license on: http://txlib.ru

TXLib file:	c:\users\ydtsv\downloads\codeblocks\mingw\include\txlib.h
Compiled:	Aug 20 2024 16:48:31, GNU g++ 4.8.1, std=201103L, MinGW Runtime 3.20, 32-bit, DEBUG
Started:	Aug 20 2024 16:48:36

Run file:	C:\Users\ydtsv\OneDrive\Documents\c\Quadratka.exe
Directory:	C:\Users\ydtsv\OneDrive\Documents\c

--------------------------------------------------

--------------------------------------------------
TXLib предупреждает:

Программа: C:\Users\ydtsv\OneDrive\Documents\c\Quadratka.exe,

ВНЕЗАПНО: Недопустимая операция с плавающей точкой.

#1: Исключение EXCEPTION_FLT_INVALID_OPERATION (0xC0000090) при выполнении кода по адресу 0x765E79D2 в модуле C:\Windows\System32\KERNELBASE.dll. Спасибо _txVectoredExceptionHandler(), что сообщил. Люблю его <3

#1: TXLib [Ver: 00173a, Rev: 173, Date: 2024-06-23 22:37:05 +0400], Instance: 0x005062FC (32-bit), Flags: Cmdre0, Thread: 0x52E0 (Main). 

--------------------------------------------------
Стек вызовов:



--------------------------------------------------
Developed with:

The Dumb Artist Library (TX Library)
TXLib [Ver: 00173a, Rev: 173, Date: 2024-06-23 22:37:05 +0400]
Copyright (C) Ded (Ilya Dedinsky, http://txlib.ru) <mail@txlib.ru>
See license on: http://txlib.ru

TXLib file:	c:\users\ydtsv\downloads\codeblocks\mingw\include\txlib.h
Compiled:	Aug 20 2024 16:52:20, GNU g++ 4.8.1, std=201103L, MinGW Runtime 3.20, 32-bit, DEBUG
Started:	Aug 20 2024 16:52:26

Run file:	C:\Users\ydtsv\OneDrive\Documents\c\Quadratka.exe
Directory:	C:\Users\ydtsv\OneDrive\Documents\c

--------------------------------------------------

--------------------------------------------------
TXLib соболезнует...

Программа: C:\Users\ydtsv\OneDrive\Documents\c\Quadratka.exe,

ВНЕЗАПНО: signal (8, 0x00): SIGFPE: Грубая ошибка в вычислениях. 

Недопустимая операция с плавающей точкой.

#1: Исключение EXCEPTION_FLT_INVALID_OPERATION (0xC0000090) при выполнении кода по адресу 0x765E79D2 в модуле C:\Windows\System32\KERNELBASE.dll. Спасибо _txVectoredExceptionHandler(), что сообщил. Люблю его <3

С помощью функции signal() вы можете сами обработать эту ошибку.

#2: TXLib [Ver: 00173a, Rev: 173, Date: 2024-06-23 22:37:05 +0400], Instance: 0x005062FC (32-bit), Flags: Cmdre0, Thread: 0x52E0 (Main). 

--------------------------------------------------
Стек вызовов:



--------------------------------------------------
Developed with:

The Dumb Artist Library (TX Library)
TXLib [Ver: 00173a, Rev: 173, Date: 2024-06-23 22:37:05 +0400]
Copyright (C) Ded (Ilya Dedinsky, http://txlib.ru) <mail@txlib.ru>
See license on: http://txlib.ru

TXLib file:	c:\users\ydtsv\downloads\codeblocks\mingw\include\txlib.h
Compiled:	Aug 20 2024 16:52:20, GNU g++ 4.8.1, std=201103L, MinGW Runtime 3.20, 32-bit, DEBUG
Started:	Aug 20 2024 16:52:26

Run file:	C:\Users\ydtsv\OneDrive\Documents\c\Quadratka.exe
Directory:	C:\Users\ydtsv\OneDrive\Documents\c

--------------------------------------------------

--------------------------------------------------
TXLib предупреждает:

Программа: C:\Users\ydtsv\OneDrive\Documents\c\Quadratka.exe,

ВНЕЗАПНО: Недопустимая операция с плавающей точкой.

#1: Исключение EXCEPTION_FLT_INVALID_OPERATION (0xC0000090) при выполнении кода по адресу 0x765E79D2 в модуле C:\Windows\System32\KERNELBASE.dll. Спасибо _txVectoredExceptionHandler(), что сообщил. Люблю его <3

#1: TXLib [Ver: 00173a, Rev: 173, Date: 2024-06-23 22:37:05 +0400], Instance: 0x005062FC (32-bit), Flags: Cmdre0, Thread: 0x1B88 (Main). 

--------------------------------------------------
Стек вызовов:



--------------------------------------------------
Developed with:

The Dumb Artist Library (TX Library)
TXLib [Ver: 00173a, Rev: 173, Date: 2024-06-23 22:37:05 +0400]
Copyright (C) Ded (Ilya Dedinsky, http://txlib.ru) <mail@txlib.ru>
See license on: http://txlib.ru

TXLib file:	c:\users\ydtsv\downloads\codeblocks\mingw\include\txlib.h
Compiled:	Aug 20 2024 16:52:35, GNU g++ 4.8.1, std=201103L, MinGW Runtime 3.20, 32-bit, DEBUG
Started:	Aug 20 2024 16:52:39

Run file:	C:\Users\ydtsv\OneDrive\Documents\c\Quadratka.exe
Directory:	C:\Users\ydtsv\OneDrive\Documents\c

--------------------------------------------------

--------------------------------------------------
TXLib соболезнует...

Программа: C:\Users\ydtsv\OneDrive\Documents\c\Quadratka.exe,

ВНЕЗАПНО: signal (8, 0x00): SIGFPE: Грубая ошибка в вычислениях. 

Недопустимая операция с плавающей точкой.

#1: Исключение EXCEPTION_FLT_INVALID_OPERATION (0xC0000090) при выполнении кода по адресу 0x765E79D2 в модуле C:\Windows\System32\KERNELBASE.dll. Спасибо _txVectoredExceptionHandler(), что сообщил. Люблю его <3

С помощью функции signal() вы можете сами обработать эту ошибку.

#2: TXLib [Ver: 00173a, Rev: 173, Date: 2024-06-23 22:37:05 +0400], Instance: 0x005062FC (32-bit), Flags: Cmdre0, Thread: 0x1B88 (Main). 

--------------------------------------------------
Стек вызовов:



--------------------------------------------------
Developed with:

The Dumb Artist Library (TX Library)
TXLib [Ver: 00173a, Rev: 173, Date: 2024-06-23 22:37:05 +0400]
Copyright (C) Ded (Ilya Dedinsky, http://txlib.ru) <mail@txlib.ru>
See license on: http://txlib.ru

TXLib file:	c:\users\ydtsv\downloads\codeblocks\mingw\include\txlib.h
Compiled:	Aug 20 2024 16:52:35, GNU g++ 4.8.1, std=201103L, MinGW Runtime 3.20, 32-bit, DEBUG
Started:	Aug 20 2024 16:52:39

Run file:	C:\Users\ydtsv\OneDrive\Documents\c\Quadratka.exe
Directory:	C:\Users\ydtsv\OneDrive\Documents\c

--------------------------------------------------

--------------------------------------------------
TXLib предупреждает:

Программа: C:\Users\ydtsv\OneDrive\Documents\c\Quadratka.exe,

ВНЕЗАПНО: Недопустимая операция с плавающей точкой.

#1: Исключение EXCEPTION_FLT_INVALID_OPERATION (0xC0000090) при выполнении кода по адресу 0x765E79D2 в модуле C:\Windows\System32\KERNELBASE.dll. Спасибо _txVectoredExceptionHandler(), что сообщил. Люблю его <3

#1: TXLib [Ver: 00173a, Rev: 173, Date: 2024-06-23 22:37:05 +0400], Instance: 0x005062FC (32-bit), Flags: Cmdre0, Thread: 0x5A04 (Main). 

--------------------------------------------------
Стек вызовов:



--------------------------------------------------
Developed with:

The Dumb Artist Library (TX Library)
TXLib [Ver: 00173a, Rev: 173, Date: 2024-06-23 22:37:05 +0400]
Copyright (C) Ded (Ilya Dedinsky, http://txlib.ru) <mail@txlib.ru>
See license on: http://txlib.ru

TXLib file:	c:\users\ydtsv\downloads\codeblocks\mingw\include\txlib.h
Compiled:	Aug 20 2024 16:52:49, GNU g++ 4.8.1, std=201103L, MinGW Runtime 3.20, 32-bit, DEBUG
Started:	Aug 20 2024 16:52:55

Run file:	C:\Users\ydtsv\OneDrive\Documents\c\Quadratka.exe
Directory:	C:\Users\ydtsv\OneDrive\Documents\c

--------------------------------------------------

--------------------------------------------------
TXLib соболезнует...

Программа: C:\Users\ydtsv\OneDrive\Documents\c\Quadratka.exe,

ВНЕЗАПНО: signal (8, 0x00): SIGFPE: Грубая ошибка в вычислениях. 

Недопустимая операция с плавающей точкой.

#1: Исключение EXCEPTION_FLT_INVALID_OPERATION (0xC0000090) при выполнении кода по адресу 0x765E79D2 в модуле C:\Windows\System32\KERNELBASE.dll. Спасибо _txVectoredExceptionHandler(), что сообщил. Люблю его <3

С помощью функции signal() вы можете сами обработать эту ошибку.

#2: TXLib [Ver: 00173a, Rev: 173, Date: 2024-06-23 22:37:05 +0400], Instance: 0x005062FC (32-bit), Flags: Cmdre0, Thread: 0x5A04 (Main). 

--------------------------------------------------
Стек вызовов:



--------------------------------------------------
Developed with:

The Dumb Artist Library (TX Library)
TXLib [Ver: 00173a, Rev: 173, Date: 2024-06-23 22:37:05 +0400]
Copyright (C) Ded (Ilya Dedinsky, http://txlib.ru) <mail@txlib.ru>
See license on: http://txlib.ru

TXLib file:	c:\users\ydtsv\downloads\codeblocks\mingw\include\txlib.h
Compiled:	Aug 20 2024 16:52:49, GNU g++ 4.8.1, std=201103L, MinGW Runtime 3.20, 32-bit, DEBUG
Started:	Aug 20 2024 16:52:55

Run file:	C:\Users\ydtsv\OneDrive\Documents\c\Quadratka.exe
Directory:	C:\Users\ydtsv\OneDrive\Documents\c

--------------------------------------------------

--------------------------------------------------
TXLib предупреждает:

Программа: C:\Users\ydtsv\OneDrive\Documents\c\Quadratka.exe,

ВНЕЗАПНО: Недопустимая операция с плавающей точкой.

#1: Исключение EXCEPTION_FLT_INVALID_OPERATION (0xC0000090) при выполнении кода по адресу 0x765E79D2 в модуле C:\Windows\System32\KERNELBASE.dll. Спасибо _txVectoredExceptionHandler(), что сообщил. Люблю его <3

#1: TXLib [Ver: 00173a, Rev: 173, Date: 2024-06-23 22:37:05 +0400], Instance: 0x005062FC (32-bit), Flags: Cmdre0, Thread: 0x45AC (Main). 

--------------------------------------------------
Стек вызовов:



--------------------------------------------------
Developed with:

The Dumb Artist Library (TX Library)
TXLib [Ver: 00173a, Rev: 173, Date: 2024-06-23 22:37:05 +0400]
Copyright (C) Ded (Ilya Dedinsky, http://txlib.ru) <mail@txlib.ru>
See license on: http://txlib.ru

TXLib file:	c:\users\ydtsv\downloads\codeblocks\mingw\include\txlib.h
Compiled:	Aug 20 2024 16:54:26, GNU g++ 4.8.1, std=201103L, MinGW Runtime 3.20, 32-bit, DEBUG
Started:	Aug 20 2024 16:54:32

Run file:	C:\Users\ydtsv\OneDrive\Documents\c\Quadratka.exe
Directory:	C:\Users\ydtsv\OneDrive\Documents\c

--------------------------------------------------

--------------------------------------------------
TXLib соболезнует...

Программа: C:\Users\ydtsv\OneDrive\Documents\c\Quadratka.exe,

ВНЕЗАПНО: signal (8, 0x00): SIGFPE: Грубая ошибка в вычислениях. 

Недопустимая операция с плавающей точкой.

#1: Исключение EXCEPTION_FLT_INVALID_OPERATION (0xC0000090) при выполнении кода по адресу 0x765E79D2 в модуле C:\Windows\System32\KERNELBASE.dll. Спасибо _txVectoredExceptionHandler(), что сообщил. Люблю его <3

С помощью функции signal() вы можете сами обработать эту ошибку.

#2: TXLib [Ver: 00173a, Rev: 173, Date: 2024-06-23 22:37:05 +0400], Instance: 0x005062FC (32-bit), Flags: Cmdre0, Thread: 0x45AC (Main). 

--------------------------------------------------
Стек вызовов:



--------------------------------------------------
Developed with:

The Dumb Artist Library (TX Library)
TXLib [Ver: 00173a, Rev: 173, Date: 2024-06-23 22:37:05 +0400]
Copyright (C) Ded (Ilya Dedinsky, http://txlib.ru) <mail@txlib.ru>
See license on: http://txlib.ru

TXLib file:	c:\users\ydtsv\downloads\codeblocks\mingw\include\txlib.h
Compiled:	Aug 20 2024 16:54:26, GNU g++ 4.8.1, std=201103L, MinGW Runtime 3.20, 32-bit, DEBUG
Started:	Aug 20 2024 16:54:32

Run file:	C:\Users\ydtsv\OneDrive\Documents\c\Quadratka.exe
Directory:	C:\Users\ydtsv\OneDrive\Documents\c

--------------------------------------------------

--------------------------------------------------
TXLib предупреждает:

Программа: C:\Users\ydtsv\OneDrive\Documents\c\Quadratka.exe,

ВНЕЗАПНО: Недопустимая операция с плавающей точкой.

#1: Исключение EXCEPTION_FLT_INVALID_OPERATION (0xC0000090) при выполнении кода по адресу 0x765E79D2 в модуле C:\Windows\System32\KERNELBASE.dll. Спасибо _txVectoredExceptionHandler(), что сообщил. Люблю его <3

#1: TXLib [Ver: 00173a, Rev: 173, Date: 2024-06-23 22:37:05 +0400], Instance: 0x005062FC (32-bit), Flags: Cmdre0, Thread: 0x2058 (Main). 

--------------------------------------------------
Стек вызовов:



--------------------------------------------------
Developed with:

The Dumb Artist Library (TX Library)
TXLib [Ver: 00173a, Rev: 173, Date: 2024-06-23 22:37:05 +0400]
Copyright (C) Ded (Ilya Dedinsky, http://txlib.ru) <mail@txlib.ru>
See license on: http://txlib.ru

TXLib file:	c:\users\ydtsv\downloads\codeblocks\mingw\include\txlib.h
Compiled:	Aug 20 2024 17:02:23, GNU g++ 4.8.1, std=201103L, MinGW Runtime 3.20, 32-bit, DEBUG
Started:	Aug 20 2024 17:02:30

Run file:	C:\Users\ydtsv\OneDrive\Documents\c\Quadratka.exe
Directory:	C:\Users\ydtsv\OneDrive\Documents\c

--------------------------------------------------

--------------------------------------------------
TXLib соболезнует...

Программа: C:\Users\ydtsv\OneDrive\Documents\c\Quadratka.exe,

ВНЕЗАПНО: signal (8, 0x00): SIGFPE: Грубая ошибка в вычислениях. 

Недопустимая операция с плавающей точкой.

#1: Исключение EXCEPTION_FLT_INVALID_OPERATION (0xC0000090) при выполнении кода по адресу 0x765E79D2 в модуле C:\Windows\System32\KERNELBASE.dll. Спасибо _txVectoredExceptionHandler(), что сообщил. Люблю его <3

С помощью функции signal() вы можете сами обработать эту ошибку.

#2: TXLib [Ver: 00173a, Rev: 173, Date: 2024-06-23 22:37:05 +0400], Instance: 0x005062FC (32-bit), Flags: Cmdre0, Thread: 0x2058 (Main). 

--------------------------------------------------
Стек вызовов:



--------------------------------------------------
Developed with:

The Dumb Artist Library (TX Library)
TXLib [Ver: 00173a, Rev: 173, Date: 2024-06-23 22:37:05 +0400]
Copyright (C) Ded (Ilya Dedinsky, http://txlib.ru) <mail@txlib.ru>
See license on: http://txlib.ru

TXLib file:	c:\users\ydtsv\downloads\codeblocks\mingw\include\txlib.h
Compiled:	Aug 20 2024 17:02:23, GNU g++ 4.8.1, std=201103L, MinGW Runtime 3.20, 32-bit, DEBUG
Started:	Aug 20 2024 17:02:30

Run file:	C:\Users\ydtsv\OneDrive\Documents\c\Quadratka.exe
Directory:	C:\Users\ydtsv\OneDrive\Documents\c

--------------------------------------------------

--------------------------------------------------
TXLib предупреждает:

Программа: C:\Users\ydtsv\OneDrive\Documents\c\Quadratka.exe,

ВНЕЗАПНО: Недопустимая операция с плавающей точкой.

#1: Исключение EXCEPTION_FLT_INVALID_OPERATION (0xC0000090) при выполнении кода по адресу 0x765E79D2 в модуле C:\Windows\System32\KERNELBASE.dll. Спасибо _txVectoredExceptionHandler(), что сообщил. Люблю его <3

#1: TXLib [Ver: 00173a, Rev: 173, Date: 2024-06-23 22:37:05 +0400], Instance: 0x005062FC (32-bit), Flags: Cmdre0, Thread: 0x45CC (Main). 

--------------------------------------------------
Стек вызовов:



--------------------------------------------------
Developed with:

The Dumb Artist Library (TX Library)
TXLib [Ver: 00173a, Rev: 173, Date: 2024-06-23 22:37:05 +0400]
Copyright (C) Ded (Ilya Dedinsky, http://txlib.ru) <mail@txlib.ru>
See license on: http://txlib.ru

TXLib file:	c:\users\ydtsv\downloads\codeblocks\mingw\include\txlib.h
Compiled:	Aug 20 2024 17:04:00, GNU g++ 4.8.1, std=201103L, MinGW Runtime 3.20, 32-bit, DEBUG
Started:	Aug 20 2024 17:04:05

Run file:	C:\Users\ydtsv\OneDrive\Documents\c\Quadratka.exe
Directory:	C:\Users\ydtsv\OneDrive\Documents\c

--------------------------------------------------

--------------------------------------------------
TXLib соболезнует...

Программа: C:\Users\ydtsv\OneDrive\Documents\c\Quadratka.exe,

ВНЕЗАПНО: signal (8, 0x00): SIGFPE: Грубая ошибка в вычислениях. 

Недопустимая операция с плавающей точкой.

#1: Исключение EXCEPTION_FLT_INVALID_OPERATION (0xC0000090) при выполнении кода по адресу 0x765E79D2 в модуле C:\Windows\System32\KERNELBASE.dll. Спасибо _txVectoredExceptionHandler(), что сообщил. Люблю его <3

С помощью функции signal() вы можете сами обработать эту ошибку.

#2: TXLib [Ver: 00173a, Rev: 173, Date: 2024-06-23 22:37:05 +0400], Instance: 0x005062FC (32-bit), Flags: Cmdre0, Thread: 0x45CC (Main). 

--------------------------------------------------
Стек вызовов:



--------------------------------------------------
Developed with:

The Dumb Artist Library (TX Library)
TXLib [Ver: 00173a, Rev: 173, Date: 2024-06-23 22:37:05 +0400]
Copyright (C) Ded (Ilya Dedinsky, http://txlib.ru) <mail@txlib.ru>
See license on: http://txlib.ru

TXLib file:	c:\users\ydtsv\downloads\codeblocks\mingw\include\txlib.h
Compiled:	Aug 20 2024 17:04:00, GNU g++ 4.8.1, std=201103L, MinGW Runtime 3.20, 32-bit, DEBUG
Started:	Aug 20 2024 17:04:05

Run file:	C:\Users\ydtsv\OneDrive\Documents\c\Quadratka.exe
Directory:	C:\Users\ydtsv\OneDrive\Documents\c

--------------------------------------------------

--------------------------------------------------
TXLib предупреждает:

Программа: C:\Users\ydtsv\OneDrive\Documents\c\Quadratka.exe,

ВНЕЗАПНО: Недопустимая операция с плавающей точкой.

#1: Исключение EXCEPTION_FLT_INVALID_OPERATION (0xC0000090) при выполнении кода по адресу 0x765E79D2 в модуле C:\Windows\System32\KERNELBASE.dll. Спасибо _txVectoredExceptionHandler(), что сообщил. Люблю его <3

#1: TXLib [Ver: 00173a, Rev: 173, Date: 2024-06-23 22:37:05 +0400], Instance: 0x005062FC (32-bit), Flags: Cmdre0, Thread: 0x44E4 (Main). 

--------------------------------------------------
Стек вызовов:



--------------------------------------------------
Developed with:

The Dumb Artist Library (TX Library)
TXLib [Ver: 00173a, Rev: 173, Date: 2024-06-23 22:37:05 +0400]
Copyright (C) Ded (Ilya Dedinsky, http://txlib.ru) <mail@txlib.ru>
See license on: http://txlib.ru

TXLib file:	c:\users\ydtsv\downloads\codeblocks\mingw\include\txlib.h
Compiled:	Aug 20 2024 17:04:53, GNU g++ 4.8.1, std=201103L, MinGW Runtime 3.20, 32-bit, DEBUG
Started:	Aug 20 2024 17:04:59

Run file:	C:\Users\ydtsv\OneDrive\Documents\c\Quadratka.exe
Directory:	C:\Users\ydtsv\OneDrive\Documents\c

--------------------------------------------------

--------------------------------------------------
TXLib соболезнует...

Программа: C:\Users\ydtsv\OneDrive\Documents\c\Quadratka.exe,

ВНЕЗАПНО: signal (8, 0x00): SIGFPE: Грубая ошибка в вычислениях. 

Недопустимая операция с плавающей точкой.

#1: Исключение EXCEPTION_FLT_INVALID_OPERATION (0xC0000090) при выполнении кода по адресу 0x765E79D2 в модуле C:\Windows\System32\KERNELBASE.dll. Спасибо _txVectoredExceptionHandler(), что сообщил. Люблю его <3

С помощью функции signal() вы можете сами обработать эту ошибку.

#2: TXLib [Ver: 00173a, Rev: 173, Date: 2024-06-23 22:37:05 +0400], Instance: 0x005062FC (32-bit), Flags: Cmdre0, Thread: 0x44E4 (Main). 

--------------------------------------------------
Стек вызовов:



--------------------------------------------------
Developed with:

The Dumb Artist Library (TX Library)
TXLib [Ver: 00173a, Rev: 173, Date: 2024-06-23 22:37:05 +0400]
Copyright (C) Ded (Ilya Dedinsky, http://txlib.ru) <mail@txlib.ru>
See license on: http://txlib.ru

TXLib file:	c:\users\ydtsv\downloads\codeblocks\mingw\include\txlib.h
Compiled:	Aug 20 2024 17:04:53, GNU g++ 4.8.1, std=201103L, MinGW Runtime 3.20, 32-bit, DEBUG
Started:	Aug 20 2024 17:04:59

Run file:	C:\Users\ydtsv\OneDrive\Documents\c\Quadratka.exe
Directory:	C:\Users\ydtsv\OneDrive\Documents\c

--------------------------------------------------

--------------------------------------------------
TXLib соболезнует...

Программа: C:\Users\ydtsv\OneDrive\Documents\c\Quadratka.exe,

ВНЕЗАПНО: signal (22, 0x00): SIGABRT: Аварийное завершение программы, вызвана функция abort(). 

С помощью функции signal() вы можете сами обработать эту ошибку.

#1: TXLib [Ver: 00173a, Rev: 173, Date: 2024-06-23 22:37:05 +0400], Instance: 0x005062FC (32-bit), Flags: Cmdre0, Thread: 0x650 (Main). 

--------------------------------------------------
Стек вызовов:



--------------------------------------------------
Developed with:

The Dumb Artist Library (TX Library)
TXLib [Ver: 00173a, Rev: 173, Date: 2024-06-23 22:37:05 +0400]
Copyright (C) Ded (Ilya Dedinsky, http://txlib.ru) <mail@txlib.ru>
See license on: http://txlib.ru

TXLib file:	c:\users\ydtsv\downloads\codeblocks\mingw\include\txlib.h
Compiled:	Aug 20 2024 17:28:13, GNU g++ 4.8.1, std=201103L, MinGW Runtime 3.20, 32-bit, DEBUG
Started:	Aug 20 2024 17:28:19

Run file:	C:\Users\ydtsv\OneDrive\Documents\c\Quadratka.exe
Directory:	C:\Users\ydtsv\OneDrive\Documents\c

--------------------------------------------------

--------------------------------------------------
TXLib соболезнует...

Программа: C:\Users\ydtsv\OneDrive\Documents\c\Quadratka.exe,

ВНЕЗАПНО: signal (22, 0x00): SIGABRT: Аварийное завершение программы, вызвана функция abort(). 

С помощью функции signal() вы можете сами обработать эту ошибку.

#1: TXLib [Ver: 00173a, Rev: 173, Date: 2024-06-23 22:37:05 +0400], Instance: 0x005062FC (32-bit), Flags: Cmdre0, Thread: 0x35D8 (Main). 

--------------------------------------------------
Стек вызовов:



--------------------------------------------------
Developed with:

The Dumb Artist Library (TX Library)
TXLib [Ver: 00173a, Rev: 173, Date: 2024-06-23 22:37:05 +0400]
Copyright (C) Ded (Ilya Dedinsky, http://txlib.ru) <mail@txlib.ru>
See license on: http://txlib.ru

TXLib file:	c:\users\ydtsv\downloads\codeblocks\mingw\include\txlib.h
Compiled:	Aug 20 2024 18:28:04, GNU g++ 4.8.1, std=201103L, MinGW Runtime 3.20, 32-bit, DEBUG
Started:	Aug 20 2024 18:28:10

Run file:	C:\Users\ydtsv\OneDrive\Documents\c\Quadratka.exe
Directory:	C:\Users\ydtsv\OneDrive\Documents\c

--------------------------------------------------

--------------------------------------------------
TXLib соболезнует...

Программа: C:\Users\ydtsv\OneDrive\Documents\c\Quadratka.exe,

ВНЕЗАПНО: signal (22, 0x00): SIGABRT: Аварийное завершение программы, вызвана функция abort(). 

С помощью функции signal() вы можете сами обработать эту ошибку.

#1: TXLib [Ver: 00173a, Rev: 173, Date: 2024-06-23 22:37:05 +0400], Instance: 0x005062FC (32-bit), Flags: Cmdre0, Thread: 0x53DC (Main). 

--------------------------------------------------
Стек вызовов:



--------------------------------------------------
Developed with:

The Dumb Artist Library (TX Library)
TXLib [Ver: 00173a, Rev: 173, Date: 2024-06-23 22:37:05 +0400]
Copyright (C) Ded (Ilya Dedinsky, http://txlib.ru) <mail@txlib.ru>
See license on: http://txlib.ru

TXLib file:	c:\users\ydtsv\downloads\codeblocks\mingw\include\txlib.h
Compiled:	Aug 20 2024 18:28:57, GNU g++ 4.8.1, std=201103L, MinGW Runtime 3.20, 32-bit, DEBUG
Started:	Aug 20 2024 18:29:03

Run file:	C:\Users\ydtsv\OneDrive\Documents\c\Quadratka.exe
Directory:	C:\Users\ydtsv\OneDrive\Documents\c

--------------------------------------------------

--------------------------------------------------
TXLib соболезнует...

Программа: C:\Users\ydtsv\OneDrive\Documents\c\Quadratka.exe,

ВНЕЗАПНО: signal (22, 0x00): SIGABRT: Аварийное завершение программы, вызвана функция abort(). 

С помощью функции signal() вы можете сами обработать эту ошибку.

#1: TXLib [Ver: 00173a, Rev: 173, Date: 2024-06-23 22:37:05 +0400], Instance: 0x005062FC (32-bit), Flags: Cmdre0, Thread: 0x416C (Main). 

--------------------------------------------------
Стек вызовов:



--------------------------------------------------
Developed with:

The Dumb Artist Library (TX Library)
TXLib [Ver: 00173a, Rev: 173, Date: 2024-06-23 22:37:05 +0400]
Copyright (C) Ded (Ilya Dedinsky, http://txlib.ru) <mail@txlib.ru>
See license on: http://txlib.ru

TXLib file:	c:\users\ydtsv\downloads\codeblocks\mingw\include\txlib.h
Compiled:	Aug 20 2024 18:32:56, GNU g++ 4.8.1, std=201103L, MinGW Runtime 3.20, 32-bit, DEBUG
Started:	Aug 20 2024 18:33:03

Run file:	C:\Users\ydtsv\OneDrive\Documents\c\Quadratka.exe
Directory:	C:\Users\ydtsv\OneDrive\Documents\c

--------------------------------------------------

--------------------------------------------------
TXLib соболезнует...

Программа: C:\Users\ydtsv\OneDrive\Documents\c\Quadratka.exe,

ВНЕЗАПНО: signal (22, 0x00): SIGABRT: Аварийное завершение программы, вызвана функция abort(). 

С помощью функции signal() вы можете сами обработать эту ошибку.

#1: TXLib [Ver: 00173a, Rev: 173, Date: 2024-06-23 22:37:05 +0400], Instance: 0x005062FC (32-bit), Flags: Cmdre0, Thread: 0x1E34 (Main). 

--------------------------------------------------
Стек вызовов:



--------------------------------------------------
Developed with:

The Dumb Artist Library (TX Library)
TXLib [Ver: 00173a, Rev: 173, Date: 2024-06-23 22:37:05 +0400]
Copyright (C) Ded (Ilya Dedinsky, http://txlib.ru) <mail@txlib.ru>
See license on: http://txlib.ru

TXLib file:	c:\users\ydtsv\downloads\codeblocks\mingw\include\txlib.h
Compiled:	Aug 20 2024 18:35:32, GNU g++ 4.8.1, std=201103L, MinGW Runtime 3.20, 32-bit, DEBUG
Started:	Aug 20 2024 18:35:39

Run file:	C:\Users\ydtsv\OneDrive\Documents\c\Quadratka.exe
Directory:	C:\Users\ydtsv\OneDrive\Documents\c

--------------------------------------------------
